Vivado Simulator v2022.2
Copyright 1986-1999, 2001-2022 Xilinx, Inc. All Rights Reserved.
Running: /tools/Xilinx/Vivado/2022.2/bin/unwrapped/lnx64.o/xelab --incr --debug typical --relax --mt 8 -L xil_defaultlib -L secureip --snapshot VGA_behav xil_defaultlib.VGA -log elaborate.log 
Using 8 slave threads.
Starting static elaboration
WARNING: [VRFC 10-3813] value in initialization depends on signal 'posy' [/home/estudiante/Descargas/P4_MS/Practica4_FINAL/Practica4_FINAL/Practica4_FINAL.srcs/sources_1/new/shoot.vhd:42]
WARNING: [VRFC 10-3813] value in initialization depends on signal 'posy' [/home/estudiante/Descargas/P4_MS/Practica4_FINAL/Practica4_FINAL/Practica4_FINAL.srcs/sources_1/new/shoot_der.vhd:42]
Completed static elaboration
Starting simulation data flow analysis
Completed simulation data flow analysis
Time Resolution for simulation is 1ps
Compiling package std.standard
Compiling package std.textio
Compiling package ieee.std_logic_1164
Compiling package ieee.std_logic_arith
Compiling package ieee.std_logic_unsigned
Compiling package ieee.numeric_std
Compiling package unisim.vcomponents
Compiling architecture behave of entity xil_defaultlib.debouncing [debouncing_default]
Compiling architecture logic of entity xil_defaultlib.ps2_keyboard [ps2_keyboard_default]
Compiling architecture behavior of entity xil_defaultlib.ps2_keyboard_to_ascii [ps2_keyboard_to_ascii_default]
Compiling architecture behavioral of entity xil_defaultlib.BIN2BCD_0a999 [bin2bcd_0a999_default]
Compiling architecture behavioral of entity xil_defaultlib.SCORE_NUMBS [\SCORE_NUMBS(lw=8,dw=20,dl=40,po...]
Compiling architecture behavioral of entity xil_defaultlib.SCORE_NUMBS [\SCORE_NUMBS(lw=8,dw=20,dl=40,po...]
Compiling architecture behavioral of entity xil_defaultlib.draw [\draw(sg_wd=10,dl=50,posx=80,pos...]
Compiling architecture behavioral of entity xil_defaultlib.draw [\draw(sg_wd=10,dl=50,posx=540,po...]
Compiling architecture behavioral of entity xil_defaultlib.shoot_izq [\shoot_izq(sg_wd=31,dl=20,posx=8...]
Compiling architecture behavioral of entity xil_defaultlib.shoot_der [\shoot_der(sg_wd=31,dl=20,posx=6...]
Compiling architecture behavioral of entity xil_defaultlib.vga_ctrl_640x480_60Hz [vga_ctrl_640x480_60hz_default]
Compiling architecture behavioral of entity xil_defaultlib.vga
Built simulation snapshot VGA_behav
