
*** Running vivado
    with args -log Simple_Test_VGA.vds -m64 -product Vivado -mode batch -messageDb vivado.pb -notrace -source Simple_Test_VGA.tcl


****** Vivado v2022.2 (64-bit)
  **** SW Build 3671981 on Fri Oct 14 04:59:54 MDT 2022
  **** IP Build 3669848 on Fri Oct 14 08:30:02 MDT 2022
    ** Copyright 1986-2022 Xilinx, Inc. All Rights Reserved.

source Simple_Test_VGA.tcl -notrace
Command: read_checkpoint -auto_incremental -incremental /home/estudiante/Descargas/P4_MS/project_1/project_1.srcs/utils_1/imports/synth_1/Simple_Test_VGA.dcp
INFO: [Vivado 12-5825] Read reference checkpoint from /home/estudiante/Descargas/P4_MS/project_1/project_1.srcs/utils_1/imports/synth_1/Simple_Test_VGA.dcp for incremental synthesis
INFO: [Vivado 12-7989] Please ensure there are no constraint changes
Command: synth_design -top Simple_Test_VGA -part xc7a35tcpg236-1
Starting synth_design
Attempting to get a license for feature 'Synthesis' and/or device 'xc7a35t'
INFO: [Common 17-349] Got license for feature 'Synthesis' and/or device 'xc7a35t'
INFO: [Device 21-403] Loading part xc7a35tcpg236-1
INFO: [Designutils 20-5440] No compile time benefit to using incremental synthesis; A full resynthesis will be run
INFO: [Designutils 20-4379] Flow is switching to default flow due to incremental criteria not met. If you would like to alter this behaviour and have the flow terminate instead, please set the following parameter config_implementation {autoIncr.Synth.RejectBehavior Terminate}
INFO: [Synth 8-7079] Multithreading enabled for synth_design using a maximum of 4 processes.
INFO: [Synth 8-7078] Launching helper process for spawning children vivado processes
INFO: [Synth 8-7075] Helper process launched with PID 124505
INFO: [Synth 8-11241] undeclared symbol 'REGCCE', assumed default net type 'wire' [/tools/Xilinx/Vivado/2022.2/data/verilog/src/unimacro/BRAM_SINGLE_MACRO.v:2170]
---------------------------------------------------------------------------------
Starting RTL Elaboration : Time (s): cpu = 00:00:03 ; elapsed = 00:00:03 . Memory (MB): peak = 1933.812 ; gain = 371.770 ; free physical = 17343 ; free virtual = 54115
Synthesis current peak Physical Memory [PSS] (MB): peak = 1359.286; parent = 1147.936; children = 211.351
Synthesis current peak Virtual Memory [VSS] (MB): peak = 2914.285; parent = 1933.816; children = 980.469
---------------------------------------------------------------------------------
INFO: [Synth 8-638] synthesizing module 'Simple_Test_VGA' [/home/estudiante/Descargas/P4_MS/change_square_color/Simple_Test_VGA.vhd:20]
INFO: [Synth 8-3491] module 'vga_ctrl_640x480_60Hz' declared at '/home/estudiante/Descargas/P4_MS/change_square_color/vga_ctrl_640x480_60Hz.vhd:71' bound to instance 'Inst_vga_ctrl_640x480_60Hz' of component 'vga_ctrl_640x480_60Hz' [/home/estudiante/Descargas/P4_MS/change_square_color/Simple_Test_VGA.vhd:55]
INFO: [Synth 8-638] synthesizing module 'vga_ctrl_640x480_60Hz' [/home/estudiante/Descargas/P4_MS/change_square_color/vga_ctrl_640x480_60Hz.vhd:86]
INFO: [Synth 8-256] done synthesizing module 'vga_ctrl_640x480_60Hz' (0#1) [/home/estudiante/Descargas/P4_MS/change_square_color/vga_ctrl_640x480_60Hz.vhd:86]
INFO: [Synth 8-3491] module 'draw' declared at '/home/estudiante/Descargas/P4_MS/change_square_color/draw.vhd:9' bound to instance 'draw1' of component 'draw' [/home/estudiante/Descargas/P4_MS/change_square_color/Simple_Test_VGA.vhd:68]
INFO: [Synth 8-638] synthesizing module 'draw' [/home/estudiante/Descargas/P4_MS/change_square_color/draw.vhd:19]
INFO: [Synth 8-256] done synthesizing module 'draw' (0#1) [/home/estudiante/Descargas/P4_MS/change_square_color/draw.vhd:19]
INFO: [Synth 8-256] done synthesizing module 'Simple_Test_VGA' (0#1) [/home/estudiante/Descargas/P4_MS/change_square_color/Simple_Test_VGA.vhd:20]
WARNING: [Synth 8-3848] Net sig_video_on in module/entity Simple_Test_VGA does not have driver. [/home/estudiante/Descargas/P4_MS/change_square_color/Simple_Test_VGA.vhd:49]
WARNING: [Synth 8-7129] Port video_on in module draw is either unconnected or has no load
---------------------------------------------------------------------------------
Finished RTL Elaboration : Time (s): cpu = 00:00:04 ; elapsed = 00:00:05 . Memory (MB): peak = 2001.781 ; gain = 439.738 ; free physical = 17434 ; free virtual = 54207
Synthesis current peak Physical Memory [PSS] (MB): peak = 1359.286; parent = 1147.936; children = 211.351
Synthesis current peak Virtual Memory [VSS] (MB): peak = 2982.254; parent = 2001.785; children = 980.469
---------------------------------------------------------------------------------
---------------------------------------------------------------------------------
Start Handling Custom Attributes
---------------------------------------------------------------------------------
---------------------------------------------------------------------------------
Finished Handling Custom Attributes : Time (s): cpu = 00:00:04 ; elapsed = 00:00:05 . Memory (MB): peak = 2016.625 ; gain = 454.582 ; free physical = 17433 ; free virtual = 54205
Synthesis current peak Physical Memory [PSS] (MB): peak = 1359.286; parent = 1147.936; children = 211.351
Synthesis current peak Virtual Memory [VSS] (MB): peak = 2997.098; parent = 2016.629; children = 980.469
---------------------------------------------------------------------------------
---------------------------------------------------------------------------------
Finished RTL Optimization Phase 1 : Time (s): cpu = 00:00:04 ; elapsed = 00:00:05 . Memory (MB): peak = 2016.625 ; gain = 454.582 ; free physical = 17433 ; free virtual = 54205
Synthesis current peak Physical Memory [PSS] (MB): peak = 1359.286; parent = 1147.936; children = 211.351
Synthesis current peak Virtual Memory [VSS] (MB): peak = 2997.098; parent = 2016.629; children = 980.469
---------------------------------------------------------------------------------
Netlist sorting complete. Time (s): cpu = 00:00:00 ; elapsed = 00:00:00 . Memory (MB): peak = 2016.625 ; gain = 0.000 ; free physical = 17428 ; free virtual = 54201
INFO: [Project 1-570] Preparing netlist for logic optimization

Processing XDC Constraints
Initializing timing engine
Parsing XDC File [/home/estudiante/Descargas/P4_MS/change_square_color/Basys3_Master.xdc]
Finished Parsing XDC File [/home/estudiante/Descargas/P4_MS/change_square_color/Basys3_Master.xdc]
INFO: [Project 1-236] Implementation specific constraints were found while reading constraint file [/home/estudiante/Descargas/P4_MS/change_square_color/Basys3_Master.xdc]. These constraints will be ignored for synthesis but will be used in implementation. Impacted constraints are listed in the file [.Xil/Simple_Test_VGA_propImpl.xdc].
Resolution: To avoid this warning, move constraints listed in [.Xil/Simple_Test_VGA_propImpl.xdc] to another XDC file and exclude this new file from synthesis with the used_in_synthesis property (File Properties dialog in GUI) and re-run elaboration/synthesis.
Completed Processing XDC Constraints

Netlist sorting complete. Time (s): cpu = 00:00:00 ; elapsed = 00:00:00 . Memory (MB): peak = 2161.375 ; gain = 0.000 ; free physical = 17323 ; free virtual = 54096
INFO: [Project 1-111] Unisim Transformation Summary:
No Unisim elements were transformed.

Constraint Validation Runtime : Time (s): cpu = 00:00:00 ; elapsed = 00:00:00.01 . Memory (MB): peak = 2161.375 ; gain = 0.000 ; free physical = 17323 ; free virtual = 54096
INFO: [Designutils 20-5440] No compile time benefit to using incremental synthesis; A full resynthesis will be run
INFO: [Designutils 20-4379] Flow is switching to default flow due to incremental criteria not met. If you would like to alter this behaviour and have the flow terminate instead, please set the following parameter config_implementation {autoIncr.Synth.RejectBehavior Terminate}
INFO: [Synth 8-11241] undeclared symbol 'REGCCE', assumed default net type 'wire' [/tools/Xilinx/Vivado/2022.2/data/verilog/src/unimacro/BRAM_SINGLE_MACRO.v:2170]
---------------------------------------------------------------------------------
Finished Constraint Validation : Time (s): cpu = 00:00:09 ; elapsed = 00:00:10 . Memory (MB): peak = 2161.375 ; gain = 599.332 ; free physical = 17401 ; free virtual = 54174
Synthesis current peak Physical Memory [PSS] (MB): peak = 1359.286; parent = 1147.936; children = 211.351
Synthesis current peak Virtual Memory [VSS] (MB): peak = 3109.832; parent = 2129.363; children = 980.469
---------------------------------------------------------------------------------
---------------------------------------------------------------------------------
Start Loading Part and Timing Information
---------------------------------------------------------------------------------
Loading part: xc7a35tcpg236-1
---------------------------------------------------------------------------------
Finished Loading Part and Timing Information : Time (s): cpu = 00:00:09 ; elapsed = 00:00:10 . Memory (MB): peak = 2161.375 ; gain = 599.332 ; free physical = 17401 ; free virtual = 54174
Synthesis current peak Physical Memory [PSS] (MB): peak = 1359.286; parent = 1147.936; children = 211.351
Synthesis current peak Virtual Memory [VSS] (MB): peak = 3109.832; parent = 2129.363; children = 980.469
---------------------------------------------------------------------------------
---------------------------------------------------------------------------------
Start Applying 'set_property' XDC Constraints
---------------------------------------------------------------------------------
---------------------------------------------------------------------------------
Finished applying 'set_property' XDC Constraints : Time (s): cpu = 00:00:09 ; elapsed = 00:00:10 . Memory (MB): peak = 2161.375 ; gain = 599.332 ; free physical = 17401 ; free virtual = 54174
Synthesis current peak Physical Memory [PSS] (MB): peak = 1359.286; parent = 1147.936; children = 211.351
Synthesis current peak Virtual Memory [VSS] (MB): peak = 3109.832; parent = 2129.363; children = 980.469
---------------------------------------------------------------------------------
---------------------------------------------------------------------------------
Finished RTL Optimization Phase 2 : Time (s): cpu = 00:00:09 ; elapsed = 00:00:10 . Memory (MB): peak = 2161.375 ; gain = 599.332 ; free physical = 17387 ; free virtual = 54160
Synthesis current peak Physical Memory [PSS] (MB): peak = 1359.286; parent = 1147.936; children = 211.351
Synthesis current peak Virtual Memory [VSS] (MB): peak = 3109.832; parent = 2129.363; children = 980.469
---------------------------------------------------------------------------------
---------------------------------------------------------------------------------
Start RTL Component Statistics 
---------------------------------------------------------------------------------
Detailed RTL Component Info : 
+---Adders : 
	   2 Input   25 Bit       Adders := 1     
	   2 Input   11 Bit       Adders := 2     
	   2 Input   10 Bit       Adders := 1     
	   2 Input    9 Bit       Adders := 2     
+---Registers : 
	               25 Bit    Registers := 1     
	               12 Bit    Registers := 1     
	               11 Bit    Registers := 2     
	                9 Bit    Registers := 1     
	                1 Bit    Registers := 6     
+---Muxes : 
	   2 Input   12 Bit        Muxes := 2     
	   2 Input    8 Bit        Muxes := 1     
	   2 Input    1 Bit        Muxes := 2     
---------------------------------------------------------------------------------
Finished RTL Component Statistics 
---------------------------------------------------------------------------------
---------------------------------------------------------------------------------
Start Part Resource Summary
---------------------------------------------------------------------------------
Part Resources:
DSPs: 90 (col length:60)
BRAMs: 100 (col length: RAMB18 60 RAMB36 30)
---------------------------------------------------------------------------------
Finished Part Resource Summary
---------------------------------------------------------------------------------
---------------------------------------------------------------------------------
Start Cross Boundary and Area Optimization
---------------------------------------------------------------------------------
WARNING: [Synth 8-7080] Parallel synthesis criteria is not met
---------------------------------------------------------------------------------
Finished Cross Boundary and Area Optimization : Time (s): cpu = 00:00:11 ; elapsed = 00:00:12 . Memory (MB): peak = 2161.375 ; gain = 599.332 ; free physical = 17369 ; free virtual = 54146
Synthesis current peak Physical Memory [PSS] (MB): peak = 1359.286; parent = 1147.936; children = 211.351
Synthesis current peak Virtual Memory [VSS] (MB): peak = 3109.832; parent = 2129.363; children = 980.469
---------------------------------------------------------------------------------
---------------------------------------------------------------------------------
Start Applying XDC Timing Constraints
---------------------------------------------------------------------------------
---------------------------------------------------------------------------------
Finished Applying XDC Timing Constraints : Time (s): cpu = 00:00:14 ; elapsed = 00:00:15 . Memory (MB): peak = 2161.375 ; gain = 599.332 ; free physical = 17265 ; free virtual = 54042
Synthesis current peak Physical Memory [PSS] (MB): peak = 1451.886; parent = 1241.133; children = 211.351
Synthesis current peak Virtual Memory [VSS] (MB): peak = 3109.832; parent = 2129.363; children = 980.469
---------------------------------------------------------------------------------
---------------------------------------------------------------------------------
Start Timing Optimization
---------------------------------------------------------------------------------
---------------------------------------------------------------------------------
Finished Timing Optimization : Time (s): cpu = 00:00:14 ; elapsed = 00:00:15 . Memory (MB): peak = 2161.375 ; gain = 599.332 ; free physical = 17265 ; free virtual = 54042
Synthesis current peak Physical Memory [PSS] (MB): peak = 1452.042; parent = 1241.299; children = 211.351
Synthesis current peak Virtual Memory [VSS] (MB): peak = 3109.832; parent = 2129.363; children = 980.469
---------------------------------------------------------------------------------
---------------------------------------------------------------------------------
Start Technology Mapping
---------------------------------------------------------------------------------
---------------------------------------------------------------------------------
Finished Technology Mapping : Time (s): cpu = 00:00:14 ; elapsed = 00:00:16 . Memory (MB): peak = 2161.375 ; gain = 599.332 ; free physical = 17257 ; free virtual = 54034
Synthesis current peak Physical Memory [PSS] (MB): peak = 1452.726; parent = 1241.982; children = 211.351
Synthesis current peak Virtual Memory [VSS] (MB): peak = 3109.832; parent = 2129.363; children = 980.469
---------------------------------------------------------------------------------
---------------------------------------------------------------------------------
Start IO Insertion
---------------------------------------------------------------------------------
---------------------------------------------------------------------------------
Start Flattening Before IO Insertion
---------------------------------------------------------------------------------
---------------------------------------------------------------------------------
Finished Flattening Before IO Insertion
---------------------------------------------------------------------------------
---------------------------------------------------------------------------------
Start Final Netlist Cleanup
---------------------------------------------------------------------------------
---------------------------------------------------------------------------------
Finished Final Netlist Cleanup
---------------------------------------------------------------------------------
---------------------------------------------------------------------------------
Finished IO Insertion : Time (s): cpu = 00:00:18 ; elapsed = 00:00:19 . Memory (MB): peak = 2161.375 ; gain = 599.332 ; free physical = 17258 ; free virtual = 54035
Synthesis current peak Physical Memory [PSS] (MB): peak = 1452.851; parent = 1242.107; children = 211.351
Synthesis current peak Virtual Memory [VSS] (MB): peak = 3109.832; parent = 2129.363; children = 980.469
---------------------------------------------------------------------------------
---------------------------------------------------------------------------------
Start Renaming Generated Instances
---------------------------------------------------------------------------------
---------------------------------------------------------------------------------
Finished Renaming Generated Instances : Time (s): cpu = 00:00:18 ; elapsed = 00:00:19 . Memory (MB): peak = 2161.375 ; gain = 599.332 ; free physical = 17258 ; free virtual = 54035
Synthesis current peak Physical Memory [PSS] (MB): peak = 1452.866; parent = 1242.123; children = 211.351
Synthesis current peak Virtual Memory [VSS] (MB): peak = 3109.832; parent = 2129.363; children = 980.469
---------------------------------------------------------------------------------
---------------------------------------------------------------------------------
Start Rebuilding User Hierarchy
---------------------------------------------------------------------------------
---------------------------------------------------------------------------------
Finished Rebuilding User Hierarchy : Time (s): cpu = 00:00:18 ; elapsed = 00:00:19 . Memory (MB): peak = 2161.375 ; gain = 599.332 ; free physical = 17258 ; free virtual = 54035
Synthesis current peak Physical Memory [PSS] (MB): peak = 1452.897; parent = 1242.154; children = 211.351
Synthesis current peak Virtual Memory [VSS] (MB): peak = 3109.832; parent = 2129.363; children = 980.469
---------------------------------------------------------------------------------
---------------------------------------------------------------------------------
Start Renaming Generated Ports
---------------------------------------------------------------------------------
---------------------------------------------------------------------------------
Finished Renaming Generated Ports : Time (s): cpu = 00:00:18 ; elapsed = 00:00:19 . Memory (MB): peak = 2161.375 ; gain = 599.332 ; free physical = 17258 ; free virtual = 54035
Synthesis current peak Physical Memory [PSS] (MB): peak = 1452.897; parent = 1242.154; children = 211.351
Synthesis current peak Virtual Memory [VSS] (MB): peak = 3109.832; parent = 2129.363; children = 980.469
---------------------------------------------------------------------------------
---------------------------------------------------------------------------------
Start Handling Custom Attributes
---------------------------------------------------------------------------------
---------------------------------------------------------------------------------
Finished Handling Custom Attributes : Time (s): cpu = 00:00:18 ; elapsed = 00:00:19 . Memory (MB): peak = 2161.375 ; gain = 599.332 ; free physical = 17258 ; free virtual = 54035
Synthesis current peak Physical Memory [PSS] (MB): peak = 1452.897; parent = 1242.154; children = 211.351
Synthesis current peak Virtual Memory [VSS] (MB): peak = 3109.832; parent = 2129.363; children = 980.469
---------------------------------------------------------------------------------
---------------------------------------------------------------------------------
Start Renaming Generated Nets
---------------------------------------------------------------------------------
---------------------------------------------------------------------------------
Finished Renaming Generated Nets : Time (s): cpu = 00:00:18 ; elapsed = 00:00:19 . Memory (MB): peak = 2161.375 ; gain = 599.332 ; free physical = 17258 ; free virtual = 54035
Synthesis current peak Physical Memory [PSS] (MB): peak = 1452.913; parent = 1242.170; children = 211.351
Synthesis current peak Virtual Memory [VSS] (MB): peak = 3109.832; parent = 2129.363; children = 980.469
---------------------------------------------------------------------------------
---------------------------------------------------------------------------------
Start Writing Synthesis Report
---------------------------------------------------------------------------------

Report BlackBoxes: 
+-+--------------+----------+
| |BlackBox name |Instances |
+-+--------------+----------+
+-+--------------+----------+

Report Cell Usage: 
+------+-------+------+
|      |Cell   |Count |
+------+-------+------+
|1     |BUFG   |     1|
|2     |CARRY4 |    10|
|3     |LUT1   |     8|
|4     |LUT2   |     7|
|5     |LUT3   |    10|
|6     |LUT4   |    21|
|7     |LUT5   |    29|
|8     |LUT6   |    20|
|9     |FDRE   |    64|
|10    |IBUF   |     4|
|11    |OBUF   |    14|
+------+-------+------+
---------------------------------------------------------------------------------
Finished Writing Synthesis Report : Time (s): cpu = 00:00:18 ; elapsed = 00:00:19 . Memory (MB): peak = 2161.375 ; gain = 599.332 ; free physical = 17258 ; free virtual = 54035
Synthesis current peak Physical Memory [PSS] (MB): peak = 1452.960; parent = 1242.217; children = 211.351
Synthesis current peak Virtual Memory [VSS] (MB): peak = 3109.832; parent = 2129.363; children = 980.469
---------------------------------------------------------------------------------
Synthesis finished with 0 errors, 0 critical warnings and 1 warnings.
Synthesis Optimization Runtime : Time (s): cpu = 00:00:17 ; elapsed = 00:00:18 . Memory (MB): peak = 2161.375 ; gain = 454.582 ; free physical = 17307 ; free virtual = 54084
Synthesis Optimization Complete : Time (s): cpu = 00:00:18 ; elapsed = 00:00:20 . Memory (MB): peak = 2161.375 ; gain = 599.332 ; free physical = 17307 ; free virtual = 54084
INFO: [Project 1-571] Translating synthesized netlist
Netlist sorting complete. Time (s): cpu = 00:00:00 ; elapsed = 00:00:00 . Memory (MB): peak = 2161.375 ; gain = 0.000 ; free physical = 17300 ; free virtual = 54077
INFO: [Netlist 29-17] Analyzing 10 Unisim elements for replacement
INFO: [Netlist 29-28] Unisim Transformation completed in 0 CPU seconds
INFO: [Project 1-570] Preparing netlist for logic optimization
INFO: [Opt 31-138] Pushed 0 inverter(s) to 0 load pin(s).
Netlist sorting complete. Time (s): cpu = 00:00:00.03 ; elapsed = 00:00:00.01 . Memory (MB): peak = 2161.375 ; gain = 0.000 ; free physical = 17350 ; free virtual = 54127
INFO: [Project 1-111] Unisim Transformation Summary:
No Unisim elements were transformed.

Synth Design complete, checksum: aca719c
INFO: [Common 17-83] Releasing license: Synthesis
31 Infos, 3 Warnings, 0 Critical Warnings and 0 Errors encountered.
synth_design completed successfully
synth_design: Time (s): cpu = 00:00:24 ; elapsed = 00:00:23 . Memory (MB): peak = 2161.375 ; gain = 897.527 ; free physical = 17557 ; free virtual = 54334
INFO: [Common 17-1381] The checkpoint '/home/estudiante/Descargas/P4_MS/project_1/project_1.runs/synth_1/Simple_Test_VGA.dcp' has been generated.
INFO: [runtcl-4] Executing : report_utilization -file Simple_Test_VGA_utilization_synth.rpt -pb Simple_Test_VGA_utilization_synth.pb
INFO: [Common 17-206] Exiting Vivado at Fri Nov 10 17:21:38 2023...
