
*** Running vivado
    with args -log ALU.vds -m64 -product Vivado -mode batch -messageDb vivado.pb -notrace -source ALU.tcl


****** Vivado v2022.2 (64-bit)
  **** SW Build 3671981 on Fri Oct 14 04:59:54 MDT 2022
  **** IP Build 3669848 on Fri Oct 14 08:30:02 MDT 2022
    ** Copyright 1986-2022 Xilinx, Inc. All Rights Reserved.

source ALU.tcl -notrace
Command: read_checkpoint -auto_incremental -incremental /home/estudiante/Desktop/ALU_F/ALUU/ALUU.srcs/utils_1/imports/synth_1/ALU.dcp
INFO: [Vivado 12-5825] Read reference checkpoint from /home/estudiante/Desktop/ALU_F/ALUU/ALUU.srcs/utils_1/imports/synth_1/ALU.dcp for incremental synthesis
INFO: [Vivado 12-7989] Please ensure there are no constraint changes
Command: synth_design -top ALU -part xc7a35tcpg236-1
Starting synth_design
Attempting to get a license for feature 'Synthesis' and/or device 'xc7a35t'
INFO: [Common 17-349] Got license for feature 'Synthesis' and/or device 'xc7a35t'
INFO: [Device 21-403] Loading part xc7a35tcpg236-1
INFO: [Designutils 20-5440] No compile time benefit to using incremental synthesis; A full resynthesis will be run
INFO: [Designutils 20-4379] Flow is switching to default flow due to incremental criteria not met. If you would like to alter this behaviour and have the flow terminate instead, please set the following parameter config_implementation {autoIncr.Synth.RejectBehavior Terminate}
INFO: [Synth 8-7079] Multithreading enabled for synth_design using a maximum of 4 processes.
INFO: [Synth 8-7078] Launching helper process for spawning children vivado processes
INFO: [Synth 8-7075] Helper process launched with PID 17348
INFO: [Synth 8-11241] undeclared symbol 'REGCCE', assumed default net type 'wire' [/tools/Xilinx/Vivado/2022.2/data/verilog/src/unimacro/BRAM_SINGLE_MACRO.v:2170]
---------------------------------------------------------------------------------
Starting RTL Elaboration : Time (s): cpu = 00:00:04 ; elapsed = 00:00:04 . Memory (MB): peak = 1935.547 ; gain = 372.770 ; free physical = 5669 ; free virtual = 9259
Synthesis current peak Physical Memory [PSS] (MB): peak = 1361.729; parent = 1150.011; children = 211.719
Synthesis current peak Virtual Memory [VSS] (MB): peak = 2939.043; parent = 1935.551; children = 1003.492
---------------------------------------------------------------------------------
INFO: [Synth 8-638] synthesizing module 'ALU' [/home/estudiante/Desktop/ALU_F/ALU.vhd:18]
INFO: [Synth 8-256] done synthesizing module 'ALU' (0#1) [/home/estudiante/Desktop/ALU_F/ALU.vhd:18]
---------------------------------------------------------------------------------
Finished RTL Elaboration : Time (s): cpu = 00:00:05 ; elapsed = 00:00:06 . Memory (MB): peak = 2001.516 ; gain = 438.738 ; free physical = 5758 ; free virtual = 9348
Synthesis current peak Physical Memory [PSS] (MB): peak = 1361.729; parent = 1150.011; children = 211.719
Synthesis current peak Virtual Memory [VSS] (MB): peak = 3005.012; parent = 2001.520; children = 1003.492
---------------------------------------------------------------------------------
---------------------------------------------------------------------------------
Start Handling Custom Attributes
---------------------------------------------------------------------------------
---------------------------------------------------------------------------------
Finished Handling Custom Attributes : Time (s): cpu = 00:00:05 ; elapsed = 00:00:06 . Memory (MB): peak = 2016.359 ; gain = 453.582 ; free physical = 5758 ; free virtual = 9348
Synthesis current peak Physical Memory [PSS] (MB): peak = 1361.729; parent = 1150.011; children = 211.719
Synthesis current peak Virtual Memory [VSS] (MB): peak = 3019.855; parent = 2016.363; children = 1003.492
---------------------------------------------------------------------------------
---------------------------------------------------------------------------------
Finished RTL Optimization Phase 1 : Time (s): cpu = 00:00:05 ; elapsed = 00:00:06 . Memory (MB): peak = 2016.359 ; gain = 453.582 ; free physical = 5758 ; free virtual = 9348
Synthesis current peak Physical Memory [PSS] (MB): peak = 1361.729; parent = 1150.011; children = 211.719
Synthesis current peak Virtual Memory [VSS] (MB): peak = 3019.855; parent = 2016.363; children = 1003.492
---------------------------------------------------------------------------------
Netlist sorting complete. Time (s): cpu = 00:00:00 ; elapsed = 00:00:00 . Memory (MB): peak = 2016.359 ; gain = 0.000 ; free physical = 5754 ; free virtual = 9344
INFO: [Project 1-570] Preparing netlist for logic optimization

Processing XDC Constraints
Initializing timing engine
Parsing XDC File [/home/estudiante/Desktop/ALU_F/Basys3_Master.xdc]
Finished Parsing XDC File [/home/estudiante/Desktop/ALU_F/Basys3_Master.xdc]
INFO: [Project 1-236] Implementation specific constraints were found while reading constraint file [/home/estudiante/Desktop/ALU_F/Basys3_Master.xdc]. These constraints will be ignored for synthesis but will be used in implementation. Impacted constraints are listed in the file [.Xil/ALU_propImpl.xdc].
Resolution: To avoid this warning, move constraints listed in [.Xil/ALU_propImpl.xdc] to another XDC file and exclude this new file from synthesis with the used_in_synthesis property (File Properties dialog in GUI) and re-run elaboration/synthesis.
Completed Processing XDC Constraints

Netlist sorting complete. Time (s): cpu = 00:00:00 ; elapsed = 00:00:00 . Memory (MB): peak = 2083.094 ; gain = 0.000 ; free physical = 5676 ; free virtual = 9266
INFO: [Project 1-111] Unisim Transformation Summary:
No Unisim elements were transformed.

Constraint Validation Runtime : Time (s): cpu = 00:00:00 ; elapsed = 00:00:00.01 . Memory (MB): peak = 2083.094 ; gain = 0.000 ; free physical = 5676 ; free virtual = 9266
INFO: [Designutils 20-5440] No compile time benefit to using incremental synthesis; A full resynthesis will be run
INFO: [Designutils 20-4379] Flow is switching to default flow due to incremental criteria not met. If you would like to alter this behaviour and have the flow terminate instead, please set the following parameter config_implementation {autoIncr.Synth.RejectBehavior Terminate}
INFO: [Synth 8-11241] undeclared symbol 'REGCCE', assumed default net type 'wire' [/tools/Xilinx/Vivado/2022.2/data/verilog/src/unimacro/BRAM_SINGLE_MACRO.v:2170]
---------------------------------------------------------------------------------
Finished Constraint Validation : Time (s): cpu = 00:00:11 ; elapsed = 00:00:12 . Memory (MB): peak = 2083.094 ; gain = 520.316 ; free physical = 5758 ; free virtual = 9348
Synthesis current peak Physical Memory [PSS] (MB): peak = 1361.729; parent = 1150.011; children = 211.719
Synthesis current peak Virtual Memory [VSS] (MB): peak = 3086.590; parent = 2083.098; children = 1003.492
---------------------------------------------------------------------------------
---------------------------------------------------------------------------------
Start Loading Part and Timing Information
---------------------------------------------------------------------------------
Loading part: xc7a35tcpg236-1
---------------------------------------------------------------------------------
Finished Loading Part and Timing Information : Time (s): cpu = 00:00:11 ; elapsed = 00:00:12 . Memory (MB): peak = 2083.094 ; gain = 520.316 ; free physical = 5758 ; free virtual = 9348
Synthesis current peak Physical Memory [PSS] (MB): peak = 1361.729; parent = 1150.011; children = 211.719
Synthesis current peak Virtual Memory [VSS] (MB): peak = 3086.590; parent = 2083.098; children = 1003.492
---------------------------------------------------------------------------------
---------------------------------------------------------------------------------
Start Applying 'set_property' XDC Constraints
---------------------------------------------------------------------------------
---------------------------------------------------------------------------------
Finished applying 'set_property' XDC Constraints : Time (s): cpu = 00:00:11 ; elapsed = 00:00:12 . Memory (MB): peak = 2083.094 ; gain = 520.316 ; free physical = 5758 ; free virtual = 9348
Synthesis current peak Physical Memory [PSS] (MB): peak = 1361.729; parent = 1150.011; children = 211.719
Synthesis current peak Virtual Memory [VSS] (MB): peak = 3086.590; parent = 2083.098; children = 1003.492
---------------------------------------------------------------------------------
---------------------------------------------------------------------------------
Finished RTL Optimization Phase 2 : Time (s): cpu = 00:00:11 ; elapsed = 00:00:12 . Memory (MB): peak = 2083.094 ; gain = 520.316 ; free physical = 5749 ; free virtual = 9340
Synthesis current peak Physical Memory [PSS] (MB): peak = 1361.729; parent = 1150.011; children = 211.719
Synthesis current peak Virtual Memory [VSS] (MB): peak = 3086.590; parent = 2083.098; children = 1003.492
---------------------------------------------------------------------------------
---------------------------------------------------------------------------------
Start RTL Component Statistics 
---------------------------------------------------------------------------------
Detailed RTL Component Info : 
+---Adders : 
	   2 Input    4 Bit       Adders := 1     
+---XORs : 
	   2 Input      4 Bit         XORs := 1     
+---Muxes : 
	   4 Input    4 Bit        Muxes := 1     
---------------------------------------------------------------------------------
Finished RTL Component Statistics 
---------------------------------------------------------------------------------
---------------------------------------------------------------------------------
Start Part Resource Summary
---------------------------------------------------------------------------------
Part Resources:
DSPs: 90 (col length:60)
BRAMs: 100 (col length: RAMB18 60 RAMB36 30)
---------------------------------------------------------------------------------
Finished Part Resource Summary
---------------------------------------------------------------------------------
---------------------------------------------------------------------------------
Start Cross Boundary and Area Optimization
---------------------------------------------------------------------------------
WARNING: [Synth 8-7080] Parallel synthesis criteria is not met
---------------------------------------------------------------------------------
Finished Cross Boundary and Area Optimization : Time (s): cpu = 00:00:13 ; elapsed = 00:00:14 . Memory (MB): peak = 2083.094 ; gain = 520.316 ; free physical = 5727 ; free virtual = 9322
Synthesis current peak Physical Memory [PSS] (MB): peak = 1361.729; parent = 1150.011; children = 211.719
Synthesis current peak Virtual Memory [VSS] (MB): peak = 3086.590; parent = 2083.098; children = 1003.492
---------------------------------------------------------------------------------
---------------------------------------------------------------------------------
Start Applying XDC Timing Constraints
---------------------------------------------------------------------------------
---------------------------------------------------------------------------------
Finished Applying XDC Timing Constraints : Time (s): cpu = 00:00:18 ; elapsed = 00:00:18 . Memory (MB): peak = 2083.094 ; gain = 520.316 ; free physical = 5629 ; free virtual = 9224
Synthesis current peak Physical Memory [PSS] (MB): peak = 1454.565; parent = 1243.457; children = 211.719
Synthesis current peak Virtual Memory [VSS] (MB): peak = 3086.590; parent = 2083.098; children = 1003.492
---------------------------------------------------------------------------------
---------------------------------------------------------------------------------
Start Timing Optimization
---------------------------------------------------------------------------------
---------------------------------------------------------------------------------
Finished Timing Optimization : Time (s): cpu = 00:00:18 ; elapsed = 00:00:19 . Memory (MB): peak = 2083.094 ; gain = 520.316 ; free physical = 5629 ; free virtual = 9224
Synthesis current peak Physical Memory [PSS] (MB): peak = 1454.569; parent = 1243.461; children = 211.719
Synthesis current peak Virtual Memory [VSS] (MB): peak = 3086.590; parent = 2083.098; children = 1003.492
---------------------------------------------------------------------------------
---------------------------------------------------------------------------------
Start Technology Mapping
---------------------------------------------------------------------------------
---------------------------------------------------------------------------------
Finished Technology Mapping : Time (s): cpu = 00:00:18 ; elapsed = 00:00:19 . Memory (MB): peak = 2083.094 ; gain = 520.316 ; free physical = 5613 ; free virtual = 9207
Synthesis current peak Physical Memory [PSS] (MB): peak = 1455.026; parent = 1243.918; children = 211.719
Synthesis current peak Virtual Memory [VSS] (MB): peak = 3086.590; parent = 2083.098; children = 1003.492
---------------------------------------------------------------------------------
---------------------------------------------------------------------------------
Start IO Insertion
---------------------------------------------------------------------------------
---------------------------------------------------------------------------------
Start Flattening Before IO Insertion
---------------------------------------------------------------------------------
---------------------------------------------------------------------------------
Finished Flattening Before IO Insertion
---------------------------------------------------------------------------------
---------------------------------------------------------------------------------
Start Final Netlist Cleanup
---------------------------------------------------------------------------------
---------------------------------------------------------------------------------
Finished Final Netlist Cleanup
---------------------------------------------------------------------------------
---------------------------------------------------------------------------------
Finished IO Insertion : Time (s): cpu = 00:00:22 ; elapsed = 00:00:23 . Memory (MB): peak = 2083.094 ; gain = 520.316 ; free physical = 5614 ; free virtual = 9205
Synthesis current peak Physical Memory [PSS] (MB): peak = 1455.210; parent = 1244.102; children = 211.719
Synthesis current peak Virtual Memory [VSS] (MB): peak = 3086.590; parent = 2083.098; children = 1003.492
---------------------------------------------------------------------------------
---------------------------------------------------------------------------------
Start Renaming Generated Instances
---------------------------------------------------------------------------------
---------------------------------------------------------------------------------
Finished Renaming Generated Instances : Time (s): cpu = 00:00:22 ; elapsed = 00:00:23 . Memory (MB): peak = 2083.094 ; gain = 520.316 ; free physical = 5614 ; free virtual = 9205
Synthesis current peak Physical Memory [PSS] (MB): peak = 1455.241; parent = 1244.133; children = 211.719
Synthesis current peak Virtual Memory [VSS] (MB): peak = 3086.590; parent = 2083.098; children = 1003.492
---------------------------------------------------------------------------------
---------------------------------------------------------------------------------
Start Rebuilding User Hierarchy
---------------------------------------------------------------------------------
---------------------------------------------------------------------------------
Finished Rebuilding User Hierarchy : Time (s): cpu = 00:00:22 ; elapsed = 00:00:23 . Memory (MB): peak = 2083.094 ; gain = 520.316 ; free physical = 5614 ; free virtual = 9205
Synthesis current peak Physical Memory [PSS] (MB): peak = 1455.241; parent = 1244.133; children = 211.719
Synthesis current peak Virtual Memory [VSS] (MB): peak = 3086.590; parent = 2083.098; children = 1003.492
---------------------------------------------------------------------------------
---------------------------------------------------------------------------------
Start Renaming Generated Ports
---------------------------------------------------------------------------------
---------------------------------------------------------------------------------
Finished Renaming Generated Ports : Time (s): cpu = 00:00:22 ; elapsed = 00:00:23 . Memory (MB): peak = 2083.094 ; gain = 520.316 ; free physical = 5614 ; free virtual = 9205
Synthesis current peak Physical Memory [PSS] (MB): peak = 1455.257; parent = 1244.148; children = 211.719
Synthesis current peak Virtual Memory [VSS] (MB): peak = 3086.590; parent = 2083.098; children = 1003.492
---------------------------------------------------------------------------------
---------------------------------------------------------------------------------
Start Handling Custom Attributes
---------------------------------------------------------------------------------
---------------------------------------------------------------------------------
Finished Handling Custom Attributes : Time (s): cpu = 00:00:22 ; elapsed = 00:00:23 . Memory (MB): peak = 2083.094 ; gain = 520.316 ; free physical = 5614 ; free virtual = 9205
Synthesis current peak Physical Memory [PSS] (MB): peak = 1455.257; parent = 1244.148; children = 211.719
Synthesis current peak Virtual Memory [VSS] (MB): peak = 3086.590; parent = 2083.098; children = 1003.492
---------------------------------------------------------------------------------
---------------------------------------------------------------------------------
Start Renaming Generated Nets
---------------------------------------------------------------------------------
---------------------------------------------------------------------------------
Finished Renaming Generated Nets : Time (s): cpu = 00:00:22 ; elapsed = 00:00:23 . Memory (MB): peak = 2083.094 ; gain = 520.316 ; free physical = 5614 ; free virtual = 9205
Synthesis current peak Physical Memory [PSS] (MB): peak = 1455.272; parent = 1244.164; children = 211.719
Synthesis current peak Virtual Memory [VSS] (MB): peak = 3086.590; parent = 2083.098; children = 1003.492
---------------------------------------------------------------------------------
---------------------------------------------------------------------------------
Start Writing Synthesis Report
---------------------------------------------------------------------------------

Report BlackBoxes: 
+-+--------------+----------+
| |BlackBox name |Instances |
+-+--------------+----------+
+-+--------------+----------+

Report Cell Usage: 
+------+-----+------+
|      |Cell |Count |
+------+-----+------+
|1     |LUT3 |     1|
|2     |LUT4 |     7|
|3     |LUT5 |     2|
|4     |LUT6 |     5|
|5     |IBUF |    10|
|6     |OBUF |    11|
+------+-----+------+
---------------------------------------------------------------------------------
Finished Writing Synthesis Report : Time (s): cpu = 00:00:22 ; elapsed = 00:00:23 . Memory (MB): peak = 2083.094 ; gain = 520.316 ; free physical = 5614 ; free virtual = 9205
Synthesis current peak Physical Memory [PSS] (MB): peak = 1455.304; parent = 1244.195; children = 211.719
Synthesis current peak Virtual Memory [VSS] (MB): peak = 3086.590; parent = 2083.098; children = 1003.492
---------------------------------------------------------------------------------
Synthesis finished with 0 errors, 0 critical warnings and 1 warnings.
Synthesis Optimization Runtime : Time (s): cpu = 00:00:21 ; elapsed = 00:00:22 . Memory (MB): peak = 2083.094 ; gain = 453.582 ; free physical = 5665 ; free virtual = 9255
Synthesis Optimization Complete : Time (s): cpu = 00:00:22 ; elapsed = 00:00:23 . Memory (MB): peak = 2083.102 ; gain = 520.316 ; free physical = 5665 ; free virtual = 9255
INFO: [Project 1-571] Translating synthesized netlist
Netlist sorting complete. Time (s): cpu = 00:00:00 ; elapsed = 00:00:00 . Memory (MB): peak = 2083.102 ; gain = 0.000 ; free physical = 5664 ; free virtual = 9255
INFO: [Project 1-570] Preparing netlist for logic optimization
INFO: [Opt 31-138] Pushed 0 inverter(s) to 0 load pin(s).
Netlist sorting complete. Time (s): cpu = 00:00:00 ; elapsed = 00:00:00 . Memory (MB): peak = 2083.102 ; gain = 0.000 ; free physical = 5718 ; free virtual = 9308
INFO: [Project 1-111] Unisim Transformation Summary:
No Unisim elements were transformed.

Synth Design complete, checksum: 20e7a4e7
INFO: [Common 17-83] Releasing license: Synthesis
23 Infos, 1 Warnings, 0 Critical Warnings and 0 Errors encountered.
synth_design completed successfully
synth_design: Time (s): cpu = 00:00:29 ; elapsed = 00:00:27 . Memory (MB): peak = 2083.102 ; gain = 817.520 ; free physical = 5917 ; free virtual = 9507
INFO: [Common 17-1381] The checkpoint '/home/estudiante/Desktop/ALU_F/ALUU/ALUU.runs/synth_1/ALU.dcp' has been generated.
INFO: [runtcl-4] Executing : report_utilization -file ALU_utilization_synth.rpt -pb ALU_utilization_synth.pb
INFO: [Common 17-206] Exiting Vivado at Tue Oct 10 16:05:45 2023...
