Copyright 1986-2022 Xilinx, Inc. All Rights Reserved.
--------------------------------------------------------------------------------------------------
| Tool Version : Vivado v.2022.2 (lin64) Build 3671981 Fri Oct 14 04:59:54 MDT 2022
| Date         : Thu Nov 16 08:40:28 2023
| Host         : PARALED02 running 64-bit Ubuntu 22.04.3 LTS
| Command      : report_control_sets -verbose -file ps2_keyboard_to_ascii_control_sets_placed.rpt
| Design       : ps2_keyboard_to_ascii
| Device       : xc7a35t
--------------------------------------------------------------------------------------------------

Control Set Information

Table of Contents
-----------------
1. Summary
2. Histogram
3. Flip-Flop Distribution
4. Detailed Control Set Information

1. Summary
----------

+----------------------------------------------------------+-------+
|                          Status                          | Count |
+----------------------------------------------------------+-------+
| Total control sets                                       |     9 |
|    Minimum number of control sets                        |     9 |
|    Addition due to synthesis replication                 |     0 |
|    Addition due to physical synthesis replication        |     0 |
| Unused register locations in slices containing registers |    31 |
+----------------------------------------------------------+-------+
* Control sets can be merged at opt_design using control_set_merge or merge_equivalent_drivers
** Run report_qor_suggestions for automated merging and remapping suggestions


2. Histogram
------------

+--------------------+-------+
|       Fanout       | Count |
+--------------------+-------+
| Total control sets |     9 |
| >= 0 to < 4        |     2 |
| >= 4 to < 6        |     0 |
| >= 6 to < 8        |     2 |
| >= 8 to < 10       |     2 |
| >= 10 to < 12      |     1 |
| >= 12 to < 14      |     1 |
| >= 14 to < 16      |     0 |
| >= 16              |     1 |
+--------------------+-------+
* Control sets can be remapped at either synth_design or opt_design


3. Flip-Flop Distribution
-------------------------

+--------------+-----------------------+------------------------+-----------------+--------------+
| Clock Enable | Synchronous Set/Reset | Asynchronous Set/Reset | Total Registers | Total Slices |
+--------------+-----------------------+------------------------+-----------------+--------------+
| No           | No                    | No                     |              38 |           14 |
| No           | No                    | Yes                    |               0 |            0 |
| No           | Yes                   | No                     |               0 |            0 |
| Yes          | No                    | No                     |              23 |           12 |
| Yes          | No                    | Yes                    |               0 |            0 |
| Yes          | Yes                   | No                     |              20 |            5 |
+--------------+-----------------------+------------------------+-----------------+--------------+


4. Detailed Control Set Information
-----------------------------------

+--------------------------------------+---------------------------------------------------+------------------------------------------------------+------------------+----------------+--------------+
|             Clock Signal             |                   Enable Signal                   |                   Set/Reset Signal                   | Slice Load Count | Bel Load Count | Bels / Slice |
+--------------------------------------+---------------------------------------------------+------------------------------------------------------+------------------+----------------+--------------+
|  clk1_IBUF_BUFG                      |                                                   |                                                      |                1 |              1 |         1.00 |
|  clk_BUFG                            | ps2_keyboard_0/ascii_reg[7]                       |                                                      |                1 |              1 |         1.00 |
|  clk_BUFG                            | ps2_keyboard_0/ps2_code_reg[2]_0                  |                                                      |                7 |              7 |         1.00 |
|  clk_BUFG                            | ascii_code[6]_i_1_n_0                             |                                                      |                3 |              7 |         2.33 |
|  clk_BUFG                            | ps2_keyboard_0/debounce_ps2_data/count[7]_i_2_n_0 | ps2_keyboard_0/debounce_ps2_data/count[7]_i_1__0_n_0 |                2 |              8 |         4.00 |
|  clk_BUFG                            | ps2_keyboard_0/ps2_code_new0                      |                                                      |                1 |              8 |         8.00 |
| ~ps2_keyboard_0/debounce_ps2_clk/CLK |                                                   |                                                      |                2 |             11 |         5.50 |
|  clk_BUFG                            | ps2_keyboard_0/count_idle[0]_i_2_n_0              | ps2_keyboard_0/debounce_ps2_clk/O_reg_0              |                3 |             12 |         4.00 |
|  clk_BUFG                            |                                                   |                                                      |               11 |             26 |         2.36 |
+--------------------------------------+---------------------------------------------------+------------------------------------------------------+------------------+----------------+--------------+


