
*** Running vivado
    with args -log ALU.vds -m64 -product Vivado -mode batch -messageDb vivado.pb -notrace -source ALU.tcl


****** Vivado v2022.2 (64-bit)
  **** SW Build 3671981 on Fri Oct 14 04:59:54 MDT 2022
  **** IP Build 3669848 on Fri Oct 14 08:30:02 MDT 2022
    ** Copyright 1986-2022 Xilinx, Inc. All Rights Reserved.

source ALU.tcl -notrace
Command: read_checkpoint -auto_incremental -incremental /home/estudiante/Desktop/ALUHP/ALUHP.srcs/utils_1/imports/synth_1/ALU.dcp
INFO: [Vivado 12-5825] Read reference checkpoint from /home/estudiante/Desktop/ALUHP/ALUHP.srcs/utils_1/imports/synth_1/ALU.dcp for incremental synthesis
INFO: [Vivado 12-7989] Please ensure there are no constraint changes
Command: synth_design -top ALU -part xc7a35tcpg236-1
Starting synth_design
Attempting to get a license for feature 'Synthesis' and/or device 'xc7a35t'
INFO: [Common 17-349] Got license for feature 'Synthesis' and/or device 'xc7a35t'
INFO: [Device 21-403] Loading part xc7a35tcpg236-1
INFO: [Designutils 20-5440] No compile time benefit to using incremental synthesis; A full resynthesis will be run
INFO: [Designutils 20-4379] Flow is switching to default flow due to incremental criteria not met. If you would like to alter this behaviour and have the flow terminate instead, please set the following parameter config_implementation {autoIncr.Synth.RejectBehavior Terminate}
INFO: [Synth 8-7079] Multithreading enabled for synth_design using a maximum of 4 processes.
INFO: [Synth 8-7078] Launching helper process for spawning children vivado processes
INFO: [Synth 8-7075] Helper process launched with PID 8107
INFO: [Synth 8-11241] undeclared symbol 'REGCCE', assumed default net type 'wire' [/tools/Xilinx/Vivado/2022.2/data/verilog/src/unimacro/BRAM_SINGLE_MACRO.v:2170]
---------------------------------------------------------------------------------
Starting RTL Elaboration : Time (s): cpu = 00:00:03 ; elapsed = 00:00:03 . Memory (MB): peak = 1933.574 ; gain = 371.801 ; free physical = 25094 ; free virtual = 60254
Synthesis current peak Physical Memory [PSS] (MB): peak = 1361.581; parent = 1149.711; children = 211.870
Synthesis current peak Virtual Memory [VSS] (MB): peak = 2914.047; parent = 1933.578; children = 980.469
---------------------------------------------------------------------------------
INFO: [Synth 8-638] synthesizing module 'ALU' [/home/estudiante/Desktop/ALUHP/ALUHP.srcs/sources_1/imports/ALUUUUU/ALU.vhd:25]
INFO: [Synth 8-226] default block is never used [/home/estudiante/Desktop/ALUHP/ALUHP.srcs/sources_1/imports/ALUUUUU/ALU.vhd:45]
INFO: [Synth 8-226] default block is never used [/home/estudiante/Desktop/ALUHP/ALUHP.srcs/sources_1/imports/ALUUUUU/ALU.vhd:67]
WARNING: [Synth 8-614] signal 'BUS_A' is read in the process but is not in the sensitivity list [/home/estudiante/Desktop/ALUHP/ALUHP.srcs/sources_1/imports/ALUUUUU/ALU.vhd:43]
WARNING: [Synth 8-614] signal 'multiplic' is read in the process but is not in the sensitivity list [/home/estudiante/Desktop/ALUHP/ALUHP.srcs/sources_1/imports/ALUUUUU/ALU.vhd:43]
WARNING: [Synth 8-614] signal 'BUS_B' is read in the process but is not in the sensitivity list [/home/estudiante/Desktop/ALUHP/ALUHP.srcs/sources_1/imports/ALUUUUU/ALU.vhd:43]
WARNING: [Synth 8-614] signal 'div' is read in the process but is not in the sensitivity list [/home/estudiante/Desktop/ALUHP/ALUHP.srcs/sources_1/imports/ALUUUUU/ALU.vhd:43]
WARNING: [Synth 8-614] signal 'sal_xor' is read in the process but is not in the sensitivity list [/home/estudiante/Desktop/ALUHP/ALUHP.srcs/sources_1/imports/ALUUUUU/ALU.vhd:43]
WARNING: [Synth 8-614] signal 'suma' is read in the process but is not in the sensitivity list [/home/estudiante/Desktop/ALUHP/ALUHP.srcs/sources_1/imports/ALUUUUU/ALU.vhd:43]
INFO: [Synth 8-256] done synthesizing module 'ALU' (0#1) [/home/estudiante/Desktop/ALUHP/ALUHP.srcs/sources_1/imports/ALUUUUU/ALU.vhd:25]
WARNING: [Synth 8-3848] Net carry in module/entity ALU does not have driver. [/home/estudiante/Desktop/ALUHP/ALUHP.srcs/sources_1/imports/ALUUUUU/ALU.vhd:19]
WARNING: [Synth 8-3917] design ALU has port config_display[3] driven by constant 1
WARNING: [Synth 8-3917] design ALU has port config_display[2] driven by constant 1
WARNING: [Synth 8-3917] design ALU has port config_display[1] driven by constant 1
WARNING: [Synth 8-3917] design ALU has port config_display[0] driven by constant 0
WARNING: [Synth 8-7129] Port carry in module ALU is either unconnected or has no load
---------------------------------------------------------------------------------
Finished RTL Elaboration : Time (s): cpu = 00:00:04 ; elapsed = 00:00:05 . Memory (MB): peak = 2000.543 ; gain = 438.770 ; free physical = 25178 ; free virtual = 60340
Synthesis current peak Physical Memory [PSS] (MB): peak = 1361.581; parent = 1149.711; children = 211.870
Synthesis current peak Virtual Memory [VSS] (MB): peak = 2981.016; parent = 2000.547; children = 980.469
---------------------------------------------------------------------------------
---------------------------------------------------------------------------------
Start Handling Custom Attributes
---------------------------------------------------------------------------------
---------------------------------------------------------------------------------
Finished Handling Custom Attributes : Time (s): cpu = 00:00:04 ; elapsed = 00:00:05 . Memory (MB): peak = 2015.387 ; gain = 453.613 ; free physical = 25178 ; free virtual = 60340
Synthesis current peak Physical Memory [PSS] (MB): peak = 1361.581; parent = 1149.711; children = 211.870
Synthesis current peak Virtual Memory [VSS] (MB): peak = 2995.859; parent = 2015.391; children = 980.469
---------------------------------------------------------------------------------
---------------------------------------------------------------------------------
Finished RTL Optimization Phase 1 : Time (s): cpu = 00:00:04 ; elapsed = 00:00:05 . Memory (MB): peak = 2015.387 ; gain = 453.613 ; free physical = 25178 ; free virtual = 60340
Synthesis current peak Physical Memory [PSS] (MB): peak = 1361.581; parent = 1149.711; children = 211.870
Synthesis current peak Virtual Memory [VSS] (MB): peak = 2995.859; parent = 2015.391; children = 980.469
---------------------------------------------------------------------------------
Netlist sorting complete. Time (s): cpu = 00:00:00 ; elapsed = 00:00:00 . Memory (MB): peak = 2015.387 ; gain = 0.000 ; free physical = 25175 ; free virtual = 60338
INFO: [Project 1-570] Preparing netlist for logic optimization

Processing XDC Constraints
Initializing timing engine
Parsing XDC File [/home/estudiante/Desktop/ALUHP/ALUHP.srcs/constrs_1/imports/ALUUUUU/Basys3_Master.xdc]
Finished Parsing XDC File [/home/estudiante/Desktop/ALUHP/ALUHP.srcs/constrs_1/imports/ALUUUUU/Basys3_Master.xdc]
INFO: [Project 1-236] Implementation specific constraints were found while reading constraint file [/home/estudiante/Desktop/ALUHP/ALUHP.srcs/constrs_1/imports/ALUUUUU/Basys3_Master.xdc]. These constraints will be ignored for synthesis but will be used in implementation. Impacted constraints are listed in the file [.Xil/ALU_propImpl.xdc].
Resolution: To avoid this warning, move constraints listed in [.Xil/ALU_propImpl.xdc] to another XDC file and exclude this new file from synthesis with the used_in_synthesis property (File Properties dialog in GUI) and re-run elaboration/synthesis.
Completed Processing XDC Constraints

Netlist sorting complete. Time (s): cpu = 00:00:00 ; elapsed = 00:00:00 . Memory (MB): peak = 2139.137 ; gain = 0.000 ; free physical = 25086 ; free virtual = 60261
INFO: [Project 1-111] Unisim Transformation Summary:
No Unisim elements were transformed.

Constraint Validation Runtime : Time (s): cpu = 00:00:00 ; elapsed = 00:00:00.01 . Memory (MB): peak = 2139.137 ; gain = 0.000 ; free physical = 25086 ; free virtual = 60261
INFO: [Designutils 20-5440] No compile time benefit to using incremental synthesis; A full resynthesis will be run
INFO: [Designutils 20-4379] Flow is switching to default flow due to incremental criteria not met. If you would like to alter this behaviour and have the flow terminate instead, please set the following parameter config_implementation {autoIncr.Synth.RejectBehavior Terminate}
INFO: [Synth 8-11241] undeclared symbol 'REGCCE', assumed default net type 'wire' [/tools/Xilinx/Vivado/2022.2/data/verilog/src/unimacro/BRAM_SINGLE_MACRO.v:2170]
---------------------------------------------------------------------------------
Finished Constraint Validation : Time (s): cpu = 00:00:09 ; elapsed = 00:00:10 . Memory (MB): peak = 2139.137 ; gain = 577.363 ; free physical = 25141 ; free virtual = 60316
Synthesis current peak Physical Memory [PSS] (MB): peak = 1361.581; parent = 1149.711; children = 211.870
Synthesis current peak Virtual Memory [VSS] (MB): peak = 3087.594; parent = 2107.125; children = 980.469
---------------------------------------------------------------------------------
---------------------------------------------------------------------------------
Start Loading Part and Timing Information
---------------------------------------------------------------------------------
Loading part: xc7a35tcpg236-1
---------------------------------------------------------------------------------
Finished Loading Part and Timing Information : Time (s): cpu = 00:00:09 ; elapsed = 00:00:10 . Memory (MB): peak = 2139.137 ; gain = 577.363 ; free physical = 25141 ; free virtual = 60316
Synthesis current peak Physical Memory [PSS] (MB): peak = 1361.581; parent = 1149.711; children = 211.870
Synthesis current peak Virtual Memory [VSS] (MB): peak = 3087.594; parent = 2107.125; children = 980.469
---------------------------------------------------------------------------------
---------------------------------------------------------------------------------
Start Applying 'set_property' XDC Constraints
---------------------------------------------------------------------------------
---------------------------------------------------------------------------------
Finished applying 'set_property' XDC Constraints : Time (s): cpu = 00:00:09 ; elapsed = 00:00:10 . Memory (MB): peak = 2139.137 ; gain = 577.363 ; free physical = 25141 ; free virtual = 60316
Synthesis current peak Physical Memory [PSS] (MB): peak = 1361.581; parent = 1149.711; children = 211.870
Synthesis current peak Virtual Memory [VSS] (MB): peak = 3087.594; parent = 2107.125; children = 980.469
---------------------------------------------------------------------------------
WARNING: [Synth 8-327] inferring latch for variable 'suma_reg' [/home/estudiante/Desktop/ALUHP/ALUHP.srcs/sources_1/imports/ALUUUUU/ALU.vhd:59]
WARNING: [Synth 8-327] inferring latch for variable 'sal_xor_reg' [/home/estudiante/Desktop/ALUHP/ALUHP.srcs/sources_1/imports/ALUUUUU/ALU.vhd:55]
WARNING: [Synth 8-327] inferring latch for variable 'div_reg' [/home/estudiante/Desktop/ALUHP/ALUHP.srcs/sources_1/imports/ALUUUUU/ALU.vhd:51]
WARNING: [Synth 8-327] inferring latch for variable 'multiplic_reg' [/home/estudiante/Desktop/ALUHP/ALUHP.srcs/sources_1/imports/ALUUUUU/ALU.vhd:47]
---------------------------------------------------------------------------------
Finished RTL Optimization Phase 2 : Time (s): cpu = 00:00:09 ; elapsed = 00:00:10 . Memory (MB): peak = 2139.137 ; gain = 577.363 ; free physical = 25125 ; free virtual = 60302
Synthesis current peak Physical Memory [PSS] (MB): peak = 1361.581; parent = 1149.711; children = 211.870
Synthesis current peak Virtual Memory [VSS] (MB): peak = 3087.594; parent = 2107.125; children = 980.469
---------------------------------------------------------------------------------
---------------------------------------------------------------------------------
Start RTL Component Statistics 
---------------------------------------------------------------------------------
Detailed RTL Component Info : 
+---Adders : 
	   2 Input    4 Bit       Adders := 1     
+---XORs : 
	   2 Input      4 Bit         XORs := 1     
+---Muxes : 
	   4 Input    4 Bit        Muxes := 1     
	   4 Input    1 Bit        Muxes := 4     
---------------------------------------------------------------------------------
Finished RTL Component Statistics 
---------------------------------------------------------------------------------
---------------------------------------------------------------------------------
Start Part Resource Summary
---------------------------------------------------------------------------------
Part Resources:
DSPs: 90 (col length:60)
BRAMs: 100 (col length: RAMB18 60 RAMB36 30)
---------------------------------------------------------------------------------
Finished Part Resource Summary
---------------------------------------------------------------------------------
---------------------------------------------------------------------------------
Start Cross Boundary and Area Optimization
---------------------------------------------------------------------------------
WARNING: [Synth 8-7080] Parallel synthesis criteria is not met
WARNING: [Synth 8-3917] design ALU has port config_display[3] driven by constant 1
WARNING: [Synth 8-3917] design ALU has port config_display[2] driven by constant 1
WARNING: [Synth 8-3917] design ALU has port config_display[1] driven by constant 1
WARNING: [Synth 8-3917] design ALU has port config_display[0] driven by constant 0
WARNING: [Synth 8-7129] Port carry in module ALU is either unconnected or has no load
WARNING: [Synth 8-3332] Sequential element (multiplic_reg[0]) is unused and will be removed from module ALU.
---------------------------------------------------------------------------------
Finished Cross Boundary and Area Optimization : Time (s): cpu = 00:00:10 ; elapsed = 00:00:11 . Memory (MB): peak = 2139.137 ; gain = 577.363 ; free physical = 25120 ; free virtual = 60302
Synthesis current peak Physical Memory [PSS] (MB): peak = 1361.581; parent = 1149.711; children = 211.870
Synthesis current peak Virtual Memory [VSS] (MB): peak = 3087.594; parent = 2107.125; children = 980.469
---------------------------------------------------------------------------------
---------------------------------------------------------------------------------
Start Applying XDC Timing Constraints
---------------------------------------------------------------------------------
---------------------------------------------------------------------------------
Finished Applying XDC Timing Constraints : Time (s): cpu = 00:00:14 ; elapsed = 00:00:15 . Memory (MB): peak = 2139.137 ; gain = 577.363 ; free physical = 24997 ; free virtual = 60186
Synthesis current peak Physical Memory [PSS] (MB): peak = 1457.729; parent = 1246.810; children = 211.870
Synthesis current peak Virtual Memory [VSS] (MB): peak = 3087.594; parent = 2107.125; children = 980.469
---------------------------------------------------------------------------------
---------------------------------------------------------------------------------
Start Timing Optimization
---------------------------------------------------------------------------------
---------------------------------------------------------------------------------
Finished Timing Optimization : Time (s): cpu = 00:00:14 ; elapsed = 00:00:15 . Memory (MB): peak = 2139.137 ; gain = 577.363 ; free physical = 24997 ; free virtual = 60186
Synthesis current peak Physical Memory [PSS] (MB): peak = 1457.745; parent = 1246.825; children = 211.870
Synthesis current peak Virtual Memory [VSS] (MB): peak = 3087.594; parent = 2107.125; children = 980.469
---------------------------------------------------------------------------------
---------------------------------------------------------------------------------
Start Technology Mapping
---------------------------------------------------------------------------------
---------------------------------------------------------------------------------
Finished Technology Mapping : Time (s): cpu = 00:00:14 ; elapsed = 00:00:15 . Memory (MB): peak = 2139.137 ; gain = 577.363 ; free physical = 24989 ; free virtual = 60178
Synthesis current peak Physical Memory [PSS] (MB): peak = 1458.175; parent = 1247.255; children = 211.870
Synthesis current peak Virtual Memory [VSS] (MB): peak = 3087.594; parent = 2107.125; children = 980.469
---------------------------------------------------------------------------------
---------------------------------------------------------------------------------
Start IO Insertion
---------------------------------------------------------------------------------
---------------------------------------------------------------------------------
Start Flattening Before IO Insertion
---------------------------------------------------------------------------------
---------------------------------------------------------------------------------
Finished Flattening Before IO Insertion
---------------------------------------------------------------------------------
---------------------------------------------------------------------------------
Start Final Netlist Cleanup
---------------------------------------------------------------------------------
---------------------------------------------------------------------------------
Finished Final Netlist Cleanup
---------------------------------------------------------------------------------
---------------------------------------------------------------------------------
Finished IO Insertion : Time (s): cpu = 00:00:17 ; elapsed = 00:00:18 . Memory (MB): peak = 2139.137 ; gain = 577.363 ; free physical = 24988 ; free virtual = 60178
Synthesis current peak Physical Memory [PSS] (MB): peak = 1458.304; parent = 1247.384; children = 211.870
Synthesis current peak Virtual Memory [VSS] (MB): peak = 3087.594; parent = 2107.125; children = 980.469
---------------------------------------------------------------------------------
---------------------------------------------------------------------------------
Start Renaming Generated Instances
---------------------------------------------------------------------------------
---------------------------------------------------------------------------------
Finished Renaming Generated Instances : Time (s): cpu = 00:00:17 ; elapsed = 00:00:18 . Memory (MB): peak = 2139.137 ; gain = 577.363 ; free physical = 24988 ; free virtual = 60178
Synthesis current peak Physical Memory [PSS] (MB): peak = 1458.319; parent = 1247.399; children = 211.870
Synthesis current peak Virtual Memory [VSS] (MB): peak = 3087.594; parent = 2107.125; children = 980.469
---------------------------------------------------------------------------------
---------------------------------------------------------------------------------
Start Rebuilding User Hierarchy
---------------------------------------------------------------------------------
---------------------------------------------------------------------------------
Finished Rebuilding User Hierarchy : Time (s): cpu = 00:00:17 ; elapsed = 00:00:19 . Memory (MB): peak = 2139.137 ; gain = 577.363 ; free physical = 24988 ; free virtual = 60178
Synthesis current peak Physical Memory [PSS] (MB): peak = 1458.335; parent = 1247.415; children = 211.870
Synthesis current peak Virtual Memory [VSS] (MB): peak = 3087.594; parent = 2107.125; children = 980.469
---------------------------------------------------------------------------------
---------------------------------------------------------------------------------
Start Renaming Generated Ports
---------------------------------------------------------------------------------
---------------------------------------------------------------------------------
Finished Renaming Generated Ports : Time (s): cpu = 00:00:17 ; elapsed = 00:00:19 . Memory (MB): peak = 2139.137 ; gain = 577.363 ; free physical = 24988 ; free virtual = 60178
Synthesis current peak Physical Memory [PSS] (MB): peak = 1458.351; parent = 1247.431; children = 211.870
Synthesis current peak Virtual Memory [VSS] (MB): peak = 3087.594; parent = 2107.125; children = 980.469
---------------------------------------------------------------------------------
---------------------------------------------------------------------------------
Start Handling Custom Attributes
---------------------------------------------------------------------------------
---------------------------------------------------------------------------------
Finished Handling Custom Attributes : Time (s): cpu = 00:00:17 ; elapsed = 00:00:19 . Memory (MB): peak = 2139.137 ; gain = 577.363 ; free physical = 24988 ; free virtual = 60178
Synthesis current peak Physical Memory [PSS] (MB): peak = 1458.351; parent = 1247.431; children = 211.870
Synthesis current peak Virtual Memory [VSS] (MB): peak = 3087.594; parent = 2107.125; children = 980.469
---------------------------------------------------------------------------------
---------------------------------------------------------------------------------
Start Renaming Generated Nets
---------------------------------------------------------------------------------
---------------------------------------------------------------------------------
Finished Renaming Generated Nets : Time (s): cpu = 00:00:17 ; elapsed = 00:00:19 . Memory (MB): peak = 2139.137 ; gain = 577.363 ; free physical = 24988 ; free virtual = 60178
Synthesis current peak Physical Memory [PSS] (MB): peak = 1458.366; parent = 1247.446; children = 211.870
Synthesis current peak Virtual Memory [VSS] (MB): peak = 3087.594; parent = 2107.125; children = 980.469
---------------------------------------------------------------------------------
---------------------------------------------------------------------------------
Start Writing Synthesis Report
---------------------------------------------------------------------------------

Report BlackBoxes: 
+-+--------------+----------+
| |BlackBox name |Instances |
+-+--------------+----------+
+-+--------------+----------+

Report Cell Usage: 
+------+------+------+
|      |Cell  |Count |
+------+------+------+
|1     |LUT2  |     9|
|2     |LUT4  |     9|
|3     |LUT5  |     3|
|4     |LUT6  |     3|
|5     |LD    |    14|
|6     |IBUF  |    10|
|7     |OBUF  |    15|
|8     |OBUFT |     1|
+------+------+------+
---------------------------------------------------------------------------------
Finished Writing Synthesis Report : Time (s): cpu = 00:00:17 ; elapsed = 00:00:19 . Memory (MB): peak = 2139.137 ; gain = 577.363 ; free physical = 24988 ; free virtual = 60178
Synthesis current peak Physical Memory [PSS] (MB): peak = 1458.397; parent = 1247.478; children = 211.870
Synthesis current peak Virtual Memory [VSS] (MB): peak = 3087.594; parent = 2107.125; children = 980.469
---------------------------------------------------------------------------------
Synthesis finished with 0 errors, 0 critical warnings and 11 warnings.
Synthesis Optimization Runtime : Time (s): cpu = 00:00:16 ; elapsed = 00:00:18 . Memory (MB): peak = 2139.137 ; gain = 453.613 ; free physical = 25046 ; free virtual = 60235
Synthesis Optimization Complete : Time (s): cpu = 00:00:17 ; elapsed = 00:00:19 . Memory (MB): peak = 2139.137 ; gain = 577.363 ; free physical = 25046 ; free virtual = 60235
INFO: [Project 1-571] Translating synthesized netlist
Netlist sorting complete. Time (s): cpu = 00:00:00 ; elapsed = 00:00:00 . Memory (MB): peak = 2139.137 ; gain = 0.000 ; free physical = 25037 ; free virtual = 60226
INFO: [Netlist 29-17] Analyzing 14 Unisim elements for replacement
INFO: [Netlist 29-28] Unisim Transformation completed in 0 CPU seconds
INFO: [Project 1-570] Preparing netlist for logic optimization
INFO: [Opt 31-138] Pushed 0 inverter(s) to 0 load pin(s).
Netlist sorting complete. Time (s): cpu = 00:00:00 ; elapsed = 00:00:00 . Memory (MB): peak = 2139.137 ; gain = 0.000 ; free physical = 25078 ; free virtual = 60267
INFO: [Project 1-111] Unisim Transformation Summary:
  A total of 14 instances were transformed.
  LD => LDCE: 14 instances

Synth Design complete, checksum: 9128dbd6
INFO: [Common 17-83] Releasing license: Synthesis
27 Infos, 23 Warnings, 0 Critical Warnings and 0 Errors encountered.
synth_design completed successfully
synth_design: Time (s): cpu = 00:00:23 ; elapsed = 00:00:22 . Memory (MB): peak = 2139.137 ; gain = 814.809 ; free physical = 25285 ; free virtual = 60475
INFO: [Common 17-1381] The checkpoint '/home/estudiante/Desktop/ALUHP/ALUHP.runs/synth_1/ALU.dcp' has been generated.
INFO: [runtcl-4] Executing : report_utilization -file ALU_utilization_synth.rpt -pb ALU_utilization_synth.pb
INFO: [Common 17-206] Exiting Vivado at Fri Oct  6 15:50:23 2023...
